<?xml version="1.0" encoding="UTF-8"?>
<testsuites name="APITestingLearning" time="5" tests="3" failures="0" errors="0">
   <testsuite name="APITestingLearning" tests="3" failures="0" errors="0" time="5" timestamp="2019-03-30 23:19:50" hostname="angee - 192.168.0.6" id="Test Suites/APITestingLearning">
      <properties>
         <property name="deviceName" value=""/>
         <property name="devicePlatform" value=""/>
         <property name="logFolder" value="/Users/angee/Katalon Studio/APITestingLearning/Reports/APITestingLearning/20190330_231948"/>
         <property name="logFiles" value="/Users/angee/Katalon Studio/APITestingLearning/Reports/APITestingLearning/20190330_231948/execution0.log"/>
         <property name="attachments" value=""/>
         <property name="hostName" value="angee - 192.168.0.6"/>
         <property name="hostAddress" value="192.168.0.6"/>
         <property name="os" value="Mac OS X 64bit"/>
         <property name="katalonVersion" value="6.1.0.1"/>
      </properties>
      <testcase name="Test Cases/HTTPMethods" classname="Test Cases/HTTPMethods" status="PASSED">
         <system-out><![CDATA[2019-03-30 23:19:50 - [TEST_CASE][PASSED] - Test Cases/HTTPMethods: Test Cases/HTTPMethods

2019-03-30 23:19:50 - [TEST_STEP][PASSED] - sendRequest(findTestObject("UserRestService/CreateUser")): Send request successfully

2019-03-30 23:19:52 - [MESSAGE][INFO] - HAR: /Users/angee/Katalon Studio/APITestingLearning/Reports/APITestingLearning/20190330_231948/requests/main/0.har

2019-03-30 23:19:52 - [MESSAGE][PASSED] - Send request successfully

2019-03-30 23:19:52 - [TEST_STEP][PASSED] - sendRequest(findTestObject("UserRestService/UpdateUser")): Send request successfully

2019-03-30 23:19:52 - [MESSAGE][INFO] - HAR: /Users/angee/Katalon Studio/APITestingLearning/Reports/APITestingLearning/20190330_231948/requests/main/1.har

2019-03-30 23:19:52 - [MESSAGE][PASSED] - Send request successfully

2019-03-30 23:19:52 - [TEST_STEP][PASSED] - sendRequest(findTestObject("UserRestService/ListUsers")): Send request successfully

2019-03-30 23:19:52 - [MESSAGE][INFO] - HAR: /Users/angee/Katalon Studio/APITestingLearning/Reports/APITestingLearning/20190330_231948/requests/main/2.har

2019-03-30 23:19:52 - [MESSAGE][PASSED] - Send request successfully

2019-03-30 23:19:52 - [TEST_STEP][PASSED] - sendRequest(findTestObject("UserRestService/DeleteUser")): Send request successfully

2019-03-30 23:19:52 - [MESSAGE][INFO] - HAR: /Users/angee/Katalon Studio/APITestingLearning/Reports/APITestingLearning/20190330_231948/requests/main/3.har

2019-03-30 23:19:52 - [MESSAGE][PASSED] - Send request successfully]]></system-out>
         <system-err><![CDATA[]]></system-err>
      </testcase>
      <testcase name="Test Cases/JSONPlaceholderTypicodeTest" classname="Test Cases/JSONPlaceholderTypicodeTest" status="PASSED">
         <system-out><![CDATA[2019-03-30 23:19:52 - [TEST_CASE][PASSED] - Test Cases/JSONPlaceholderTypicodeTest: Test Cases/JSONPlaceholderTypicodeTest

2019-03-30 23:19:53 - [TEST_STEP][PASSED] - sendRequest(findTestObject("JSONPlaceholderTypicode/PostRequest")): Send request successfully

2019-03-30 23:19:53 - [MESSAGE][INFO] - HAR: /Users/angee/Katalon Studio/APITestingLearning/Reports/APITestingLearning/20190330_231948/requests/main/4.har

2019-03-30 23:19:53 - [MESSAGE][PASSED] - Send request successfully

2019-03-30 23:19:53 - [TEST_STEP][PASSED] - sendRequest(findTestObject("JSONPlaceholderTypicode/GetRequest")): Send request successfully

2019-03-30 23:19:53 - [MESSAGE][INFO] - HAR: /Users/angee/Katalon Studio/APITestingLearning/Reports/APITestingLearning/20190330_231948/requests/main/5.har

2019-03-30 23:19:53 - [MESSAGE][PASSED] - Send request successfully]]></system-out>
         <system-err><![CDATA[]]></system-err>
      </testcase>
      <testcase name="Test Cases/SoapWSDLLatitudeLongitudeTest" classname="Test Cases/SoapWSDLLatitudeLongitudeTest" status="PASSED">
         <system-out><![CDATA[2019-03-30 23:19:53 - [TEST_CASE][PASSED] - Test Cases/SoapWSDLLatitudeLongitudeTest: Test Cases/SoapWSDLLatitudeLongitudeTest

2019-03-30 23:19:53 - [TEST_STEP][PASSED] - response1 = sendRequest(findTestObject("LatLong_SOAPWSDL/GetLatLong_ByZipcode")): Send request successfully

2019-03-30 23:19:54 - [MESSAGE][INFO] - HAR: /Users/angee/Katalon Studio/APITestingLearning/Reports/APITestingLearning/20190330_231948/requests/main/6.har

2019-03-30 23:19:54 - [MESSAGE][PASSED] - Send request successfully

2019-03-30 23:19:54 - [TEST_STEP][PASSED] - xml1 = response1.getResponseText(): null

2019-03-30 23:19:54 - [TEST_STEP][PASSED] - dataValue = XmlSlurper().parseText(xml1): null

2019-03-30 23:19:54 - [TEST_STEP][PASSED] - println(dataValue): null

2019-03-30 23:19:54 - [TEST_STEP][PASSED] - parseString = dataValue.toString(): null

2019-03-30 23:19:54 - [TEST_STEP][PASSED] - array1 = parseString.split("<latLonList>"): null

2019-03-30 23:19:54 - [TEST_STEP][PASSED] - array2 = array1[1].split("</latLonList>/"): null

2019-03-30 23:19:54 - [TEST_STEP][PASSED] - latitudelongitude = array2[0]: null

2019-03-30 23:19:54 - [TEST_STEP][PASSED] - println(latitudelongitude): null

2019-03-30 23:19:54 - [TEST_STEP][PASSED] - latitudearray = latitudelongitude.split(","): null

2019-03-30 23:19:54 - [TEST_STEP][PASSED] - latitude = latitudearray[0].substring(0, 2): null

2019-03-30 23:19:54 - [TEST_STEP][PASSED] - println(latitude): null

2019-03-30 23:19:54 - [TEST_STEP][PASSED] - lat = latitude: null

2019-03-30 23:19:54 - [TEST_STEP][PASSED] - sendRequestAndVerify(findTestObject("LatLong_SOAPWSDL/GetCity_ByLatLong")): Send request and verify the response successfully

2019-03-30 23:19:55 - [TEST_CASE][PASSED] - Start Test Case : Verification: Verification accomplished successfully

2019-03-30 23:19:55 - [TEST_STEP][PASSED] - request = getInstance().getCurrentRequest(): null

2019-03-30 23:19:55 - [TEST_STEP][PASSED] - response = getInstance().getCurrentResponse(): null

2019-03-30 23:19:55 - [TEST_STEP][PASSED] - verifyResponseStatusCode(response, 200): Verify response status code successfully

2019-03-30 23:19:55 - [MESSAGE][PASSED] - Verify response status code successfully

2019-03-30 23:19:55 - [TEST_STEP][PASSED] - getStatusCode()).isEqualTo(200): null

2019-03-30 23:19:55 - [MESSAGE][PASSED] - Verify response successfully

2019-03-30 23:19:55 - [MESSAGE][PASSED] - Send request and verify the response successfully]]></system-out>
         <system-err><![CDATA[]]></system-err>
      </testcase>
      <system-out><![CDATA[2019-03-30 23:19:50 - [TEST_SUITE][PASSED] - APITestingLearning: Test Cases/SoapWSDLLatitudeLongitudeTest]]></system-out>
      <system-err><![CDATA[]]></system-err>
   </testsuite>
</testsuites>
