<?xml version="1.0" encoding="UTF-8"?>
<testsuites name="APIChainingJSONWithBaseURIVariableTestSuite" time="2" tests="1" failures="0" errors="0">
   <testsuite name="APIChainingJSONWithBaseURIVariableTestSuite" tests="1" failures="0" errors="0" time="2" timestamp="2019-03-31 13:49:59" hostname="angee - 192.168.0.6" id="Test Suites/APIChainingJSONWithBaseURIVariableTestSuite">
      <properties>
         <property name="deviceName" value=""/>
         <property name="devicePlatform" value=""/>
         <property name="logFolder" value="/Users/angee/Katalon Studio/APITestingLearning/Reports/APIChainingJSONWithBaseURIVariableTestSuite/20190331_134949"/>
         <property name="logFiles" value="/Users/angee/Katalon Studio/APITestingLearning/Reports/APIChainingJSONWithBaseURIVariableTestSuite/20190331_134949/execution0.log"/>
         <property name="attachments" value=""/>
         <property name="hostName" value="angee - 192.168.0.6"/>
         <property name="hostAddress" value="192.168.0.6"/>
         <property name="os" value="Mac OS X 64bit"/>
         <property name="katalonVersion" value="6.1.0.1"/>
      </properties>
      <testcase name="Test Cases/APIChainingJSONWithBaseURIVariable" classname="Test Cases/APIChainingJSONWithBaseURIVariable" status="PASSED">
         <system-out><![CDATA[2019-03-31 13:49:59 - [TEST_CASE][PASSED] - Test Cases/APIChainingJSONWithBaseURIVariable: Test Cases/APIChainingJSONWithBaseURIVariable

2019-03-31 13:49:59 - [TEST_STEP][PASSED] - response1 = sendRequest(findTestObject("APIChainRestServiceWithBaseURIVariable/ListUsers", ["baseuri":baseuri])): Send request successfully

2019-03-31 13:50:01 - [MESSAGE][INFO] - HAR: /Users/angee/Katalon Studio/APITestingLearning/Reports/APIChainingJSONWithBaseURIVariableTestSuite/20190331_134949/requests/main/0.har

2019-03-31 13:50:01 - [MESSAGE][PASSED] - Send request successfully

2019-03-31 13:50:01 - [TEST_STEP][PASSED] - slurper = new groovy.json.JsonSlurper(): null

2019-03-31 13:50:01 - [TEST_STEP][PASSED] - result = slurper.parseText(response1.getResponseBodyContent()): null

2019-03-31 13:50:01 - [TEST_STEP][PASSED] - value = first_name: null

2019-03-31 13:50:01 - [TEST_STEP][PASSED] - println("Value extracted is " + value): null

2019-03-31 13:50:01 - [TEST_STEP][PASSED] - username = value: null

2019-03-31 13:50:01 - [TEST_STEP][PASSED] - println("Global variable username is " + username): null

2019-03-31 13:50:01 - [TEST_STEP][PASSED] - sendRequestAndVerify(findTestObject("APIChainRestServiceWithBaseURIVariable/UpdateUser", ["username":username, "baseuri":baseuri])): Send request and verify the response successfully

2019-03-31 13:50:02 - [TEST_CASE][PASSED] - Start Test Case : Verification: Verification accomplished successfully

2019-03-31 13:50:02 - [TEST_STEP][PASSED] - request = getInstance().getCurrentRequest(): null

2019-03-31 13:50:02 - [TEST_STEP][PASSED] - response = getInstance().getCurrentResponse(): null

2019-03-31 13:50:02 - [TEST_STEP][PASSED] - verifyResponseStatusCode(response, 200): Verify response status code successfully

2019-03-31 13:50:02 - [MESSAGE][PASSED] - Verify response status code successfully

2019-03-31 13:50:02 - [TEST_STEP][PASSED] - getStatusCode()).isEqualTo(200): null

2019-03-31 13:50:02 - [TEST_STEP][PASSED] - verifyElementPropertyValue(response, "name", "Charles"): Verify element property value successfully

2019-03-31 13:50:02 - [MESSAGE][PASSED] - Verify element property value successfully

2019-03-31 13:50:02 - [MESSAGE][PASSED] - Verify response successfully

2019-03-31 13:50:02 - [MESSAGE][PASSED] - Send request and verify the response successfully]]></system-out>
         <system-err><![CDATA[]]></system-err>
      </testcase>
      <system-out><![CDATA[2019-03-31 13:49:59 - [TEST_SUITE][PASSED] - APIChainingJSONWithBaseURIVariableTestSuite: Test Cases/APIChainingJSONWithBaseURIVariable]]></system-out>
      <system-err><![CDATA[]]></system-err>
   </testsuite>
</testsuites>
