<?xml version="1.0" encoding="UTF-8"?>
<testsuites name="APITestingLearning" time="5" tests="3" failures="0" errors="0">
   <testsuite name="APITestingLearning" tests="3" failures="0" errors="0" time="5" timestamp="2019-03-30 21:57:53" hostname="angee - 192.168.0.6" id="Test Suites/APITestingLearning">
      <properties>
         <property name="deviceName" value=""/>
         <property name="devicePlatform" value=""/>
         <property name="logFolder" value="/Users/angee/Katalon Studio/APITestingLearning/Reports/APITestingLearning/20190330_215751"/>
         <property name="logFiles" value="/Users/angee/Katalon Studio/APITestingLearning/Reports/APITestingLearning/20190330_215751/execution0.log"/>
         <property name="attachments" value=""/>
         <property name="hostName" value="angee - 192.168.0.6"/>
         <property name="hostAddress" value="192.168.0.6"/>
         <property name="os" value="Mac OS X 64bit"/>
         <property name="katalonVersion" value="6.1.0.1"/>
      </properties>
      <testcase name="Test Cases/HTTPMethods" classname="Test Cases/HTTPMethods" status="PASSED">
         <system-out><![CDATA[2019-03-30 21:57:53 - [TEST_CASE][PASSED] - Test Cases/HTTPMethods: Test Cases/HTTPMethods

2019-03-30 21:57:53 - [TEST_STEP][PASSED] - sendRequest(findTestObject("UserRestService/CreateUser")): Send request successfully

2019-03-30 21:57:55 - [MESSAGE][INFO] - HAR: /Users/angee/Katalon Studio/APITestingLearning/Reports/APITestingLearning/20190330_215751/requests/main/0.har

2019-03-30 21:57:55 - [MESSAGE][PASSED] - Send request successfully

2019-03-30 21:57:55 - [TEST_STEP][PASSED] - sendRequest(findTestObject("UserRestService/UpdateUser")): Send request successfully

2019-03-30 21:57:55 - [MESSAGE][INFO] - HAR: /Users/angee/Katalon Studio/APITestingLearning/Reports/APITestingLearning/20190330_215751/requests/main/1.har

2019-03-30 21:57:55 - [MESSAGE][PASSED] - Send request successfully

2019-03-30 21:57:55 - [TEST_STEP][PASSED] - sendRequest(findTestObject("UserRestService/ListUsers")): Send request successfully

2019-03-30 21:57:55 - [MESSAGE][INFO] - HAR: /Users/angee/Katalon Studio/APITestingLearning/Reports/APITestingLearning/20190330_215751/requests/main/2.har

2019-03-30 21:57:55 - [MESSAGE][PASSED] - Send request successfully

2019-03-30 21:57:55 - [TEST_STEP][PASSED] - sendRequest(findTestObject("UserRestService/DeleteUser")): Send request successfully

2019-03-30 21:57:55 - [MESSAGE][INFO] - HAR: /Users/angee/Katalon Studio/APITestingLearning/Reports/APITestingLearning/20190330_215751/requests/main/3.har

2019-03-30 21:57:55 - [MESSAGE][PASSED] - Send request successfully]]></system-out>
         <system-err><![CDATA[]]></system-err>
      </testcase>
      <testcase name="Test Cases/JSONPlaceholderTypicodeTest" classname="Test Cases/JSONPlaceholderTypicodeTest" status="PASSED">
         <system-out><![CDATA[2019-03-30 21:57:55 - [TEST_CASE][PASSED] - Test Cases/JSONPlaceholderTypicodeTest: Test Cases/JSONPlaceholderTypicodeTest

2019-03-30 21:57:56 - [TEST_STEP][PASSED] - sendRequest(findTestObject("JSONPlaceholderTypicode/PostRequest")): Send request successfully

2019-03-30 21:57:57 - [MESSAGE][INFO] - HAR: /Users/angee/Katalon Studio/APITestingLearning/Reports/APITestingLearning/20190330_215751/requests/main/4.har

2019-03-30 21:57:57 - [MESSAGE][PASSED] - Send request successfully

2019-03-30 21:57:57 - [TEST_STEP][PASSED] - sendRequest(findTestObject("JSONPlaceholderTypicode/GetRequest")): Send request successfully

2019-03-30 21:57:57 - [MESSAGE][INFO] - HAR: /Users/angee/Katalon Studio/APITestingLearning/Reports/APITestingLearning/20190330_215751/requests/main/5.har

2019-03-30 21:57:57 - [MESSAGE][PASSED] - Send request successfully]]></system-out>
         <system-err><![CDATA[]]></system-err>
      </testcase>
      <testcase name="Test Cases/SoapLatitudeLongitude" classname="Test Cases/SoapLatitudeLongitude" status="PASSED">
         <system-out><![CDATA[2019-03-30 21:57:57 - [TEST_CASE][PASSED] - Test Cases/SoapLatitudeLongitude: Test Cases/SoapLatitudeLongitude

2019-03-30 21:57:57 - [TEST_STEP][PASSED] - response1 = sendRequest(findTestObject("WeatherSOAPService/LatLongByZipcode")): Send request successfully

2019-03-30 21:57:58 - [MESSAGE][INFO] - HAR: /Users/angee/Katalon Studio/APITestingLearning/Reports/APITestingLearning/20190330_215751/requests/main/6.har

2019-03-30 21:57:58 - [MESSAGE][PASSED] - Send request successfully

2019-03-30 21:57:58 - [TEST_STEP][PASSED] - xml1 = response1.getResponseText(): null

2019-03-30 21:57:58 - [TEST_STEP][PASSED] - dataValue = XmlSlurper().parseText(xml1): null

2019-03-30 21:57:58 - [TEST_STEP][PASSED] - println(dataValue): null

2019-03-30 21:57:58 - [TEST_STEP][PASSED] - parseString = dataValue.toString(): null

2019-03-30 21:57:58 - [TEST_STEP][PASSED] - array1 = parseString.split("<latLonList>"): null

2019-03-30 21:57:58 - [TEST_STEP][PASSED] - array2 = array1[1].split("</latLonList>/"): null

2019-03-30 21:57:58 - [TEST_STEP][PASSED] - latitudelongitude = array2[0]: null

2019-03-30 21:57:58 - [TEST_STEP][PASSED] - println(latitudelongitude): null

2019-03-30 21:57:58 - [TEST_STEP][PASSED] - latitudearray = latitudelongitude.split(","): null

2019-03-30 21:57:58 - [TEST_STEP][PASSED] - latitude = latitudearray[0].substring(0, 2): null

2019-03-30 21:57:58 - [TEST_STEP][PASSED] - println(latitude): null

2019-03-30 21:57:58 - [TEST_STEP][PASSED] - lat = latitude: null

2019-03-30 21:57:58 - [TEST_STEP][PASSED] - sendRequest(findTestObject("WeatherSOAPService/CityByLatLong")): Send request successfully

2019-03-30 21:57:59 - [MESSAGE][INFO] - HAR: /Users/angee/Katalon Studio/APITestingLearning/Reports/APITestingLearning/20190330_215751/requests/main/7.har

2019-03-30 21:57:59 - [MESSAGE][PASSED] - Send request successfully]]></system-out>
         <system-err><![CDATA[]]></system-err>
      </testcase>
      <system-out><![CDATA[2019-03-30 21:57:53 - [TEST_SUITE][PASSED] - APITestingLearning: Test Cases/SoapLatitudeLongitude]]></system-out>
      <system-err><![CDATA[]]></system-err>
   </testsuite>
</testsuites>
