<?xml version="1.0" encoding="UTF-8"?>
<testsuites name="APITestingLearningTestSuite" time="76" tests="4" failures="0" errors="0">
   <testsuite name="APITestingLearningTestSuite" tests="4" failures="0" errors="0" time="76" timestamp="2019-04-27 12:34:43" hostname="angee - 192.168.0.6" id="Test Suites/APITestingLearningTestSuite">
      <properties>
         <property name="deviceName" value=""/>
         <property name="devicePlatform" value=""/>
         <property name="logFolder" value="/Users/angee/Katalon Studio/APITestingLearning/Reports/APITestingLearningTestSuite/20190427_123422"/>
         <property name="logFiles" value="/Users/angee/Katalon Studio/APITestingLearning/Reports/APITestingLearningTestSuite/20190427_123422/execution0.log"/>
         <property name="attachments" value=""/>
         <property name="hostName" value="angee - 192.168.0.6"/>
         <property name="hostAddress" value="192.168.0.6"/>
         <property name="os" value="Mac OS X 64bit"/>
         <property name="katalonVersion" value="6.1.0.1"/>
      </properties>
      <testcase name="Test Cases/HTTPMethods" classname="Test Cases/HTTPMethods" status="PASSED">
         <system-out><![CDATA[2019-04-27 12:34:44 - [TEST_CASE][PASSED] - Test Cases/HTTPMethods: Test Cases/HTTPMethods

2019-04-27 12:34:44 - [TEST_STEP][PASSED] - sendRequest(findTestObject("UserRestService/CreateUser")): Send request successfully

2019-04-27 12:34:56 - [MESSAGE][INFO] - HAR: /Users/angee/Katalon Studio/APITestingLearning/Reports/APITestingLearningTestSuite/20190427_123422/requests/main/0.har

2019-04-27 12:34:56 - [MESSAGE][PASSED] - Send request successfully

2019-04-27 12:34:56 - [TEST_STEP][PASSED] - sendRequest(findTestObject("UserRestService/UpdateUser")): Send request successfully

2019-04-27 12:35:01 - [MESSAGE][INFO] - HAR: /Users/angee/Katalon Studio/APITestingLearning/Reports/APITestingLearningTestSuite/20190427_123422/requests/main/1.har

2019-04-27 12:35:01 - [MESSAGE][PASSED] - Send request successfully

2019-04-27 12:35:01 - [TEST_STEP][PASSED] - sendRequest(findTestObject("UserRestService/ListUsers")): Send request successfully

2019-04-27 12:35:06 - [MESSAGE][INFO] - HAR: /Users/angee/Katalon Studio/APITestingLearning/Reports/APITestingLearningTestSuite/20190427_123422/requests/main/2.har

2019-04-27 12:35:06 - [MESSAGE][PASSED] - Send request successfully

2019-04-27 12:35:06 - [TEST_STEP][PASSED] - sendRequest(findTestObject("UserRestService/DeleteUser")): Send request successfully

2019-04-27 12:35:11 - [MESSAGE][INFO] - HAR: /Users/angee/Katalon Studio/APITestingLearning/Reports/APITestingLearningTestSuite/20190427_123422/requests/main/3.har

2019-04-27 12:35:11 - [MESSAGE][PASSED] - Send request successfully]]></system-out>
         <system-err><![CDATA[]]></system-err>
      </testcase>
      <testcase name="Test Cases/JSONPlaceholderTypicodeTest" classname="Test Cases/JSONPlaceholderTypicodeTest" status="PASSED">
         <system-out><![CDATA[2019-04-27 12:35:11 - [TEST_CASE][PASSED] - Test Cases/JSONPlaceholderTypicodeTest: Test Cases/JSONPlaceholderTypicodeTest

2019-04-27 12:35:11 - [TEST_STEP][PASSED] - sendRequest(findTestObject("JSONPlaceholderTypicode/PostRequest")): Send request successfully

2019-04-27 12:35:22 - [MESSAGE][INFO] - HAR: /Users/angee/Katalon Studio/APITestingLearning/Reports/APITestingLearningTestSuite/20190427_123422/requests/main/4.har

2019-04-27 12:35:22 - [MESSAGE][PASSED] - Send request successfully

2019-04-27 12:35:22 - [TEST_STEP][PASSED] - sendRequest(findTestObject("JSONPlaceholderTypicode/GetRequest")): Send request successfully

2019-04-27 12:35:27 - [MESSAGE][INFO] - HAR: /Users/angee/Katalon Studio/APITestingLearning/Reports/APITestingLearningTestSuite/20190427_123422/requests/main/5.har

2019-04-27 12:35:27 - [MESSAGE][PASSED] - Send request successfully]]></system-out>
         <system-err><![CDATA[]]></system-err>
      </testcase>
      <testcase name="Test Cases/SoapWSDLLatitudeLongitudeTest" classname="Test Cases/SoapWSDLLatitudeLongitudeTest" status="PASSED">
         <system-out><![CDATA[2019-04-27 12:35:27 - [TEST_CASE][PASSED] - Test Cases/SoapWSDLLatitudeLongitudeTest: Test Cases/SoapWSDLLatitudeLongitudeTest

2019-04-27 12:35:27 - [TEST_STEP][PASSED] - response1 = sendRequest(findTestObject("LatLong_SOAPWSDL/GetLatLong_ByZipcode")): Send request successfully

2019-04-27 12:35:38 - [MESSAGE][INFO] - HAR: /Users/angee/Katalon Studio/APITestingLearning/Reports/APITestingLearningTestSuite/20190427_123422/requests/main/6.har

2019-04-27 12:35:38 - [MESSAGE][PASSED] - Send request successfully

2019-04-27 12:35:38 - [TEST_STEP][PASSED] - xml1 = response1.getResponseText(): null

2019-04-27 12:35:38 - [TEST_STEP][PASSED] - dataValue = XmlSlurper().parseText(xml1): null

2019-04-27 12:35:38 - [TEST_STEP][PASSED] - println(dataValue): null

2019-04-27 12:35:38 - [TEST_STEP][PASSED] - parseString = dataValue.toString(): null

2019-04-27 12:35:38 - [TEST_STEP][PASSED] - array1 = parseString.split("<latLonList>"): null

2019-04-27 12:35:38 - [TEST_STEP][PASSED] - array2 = array1[1].split("</latLonList>/"): null

2019-04-27 12:35:38 - [TEST_STEP][PASSED] - latitudelongitude = array2[0]: null

2019-04-27 12:35:38 - [TEST_STEP][PASSED] - println(latitudelongitude): null

2019-04-27 12:35:38 - [TEST_STEP][PASSED] - latitudearray = latitudelongitude.split(","): null

2019-04-27 12:35:38 - [TEST_STEP][PASSED] - latitude = latitudearray[0].substring(0, 2): null

2019-04-27 12:35:38 - [TEST_STEP][PASSED] - println(latitude): null

2019-04-27 12:35:38 - [TEST_STEP][PASSED] - lat = latitude: null

2019-04-27 12:35:38 - [TEST_STEP][PASSED] - sendRequestAndVerify(findTestObject("LatLong_SOAPWSDL/GetCity_ByLatLong")): Send request and verify the response successfully

2019-04-27 12:35:44 - [TEST_CASE][PASSED] - Start Test Case : Verification: Verification accomplished successfully

2019-04-27 12:35:44 - [TEST_STEP][PASSED] - request = getInstance().getCurrentRequest(): null

2019-04-27 12:35:44 - [TEST_STEP][PASSED] - response = getInstance().getCurrentResponse(): null

2019-04-27 12:35:44 - [TEST_STEP][PASSED] - verifyResponseStatusCode(response, 200): Verify response status code successfully

2019-04-27 12:35:44 - [MESSAGE][PASSED] - Verify response status code successfully

2019-04-27 12:35:44 - [TEST_STEP][PASSED] - getStatusCode()).isEqualTo(200): null

2019-04-27 12:35:44 - [TEST_STEP][PASSED] - getResponseText()).contains("Palm Springs,CA"): null

2019-04-27 12:35:44 - [MESSAGE][PASSED] - Verify response successfully

2019-04-27 12:35:44 - [MESSAGE][PASSED] - Send request and verify the response successfully]]></system-out>
         <system-err><![CDATA[]]></system-err>
      </testcase>
      <testcase name="Test Cases/APIChainingJSON" classname="Test Cases/APIChainingJSON" status="PASSED">
         <system-out><![CDATA[2019-04-27 12:35:44 - [TEST_CASE][PASSED] - Test Cases/APIChainingJSON: Test Cases/APIChainingJSON

2019-04-27 12:35:44 - [TEST_STEP][PASSED] - response1 = sendRequest(findTestObject("APIChainRestService/ListUsers")): Send request successfully

2019-04-27 12:35:54 - [MESSAGE][INFO] - HAR: /Users/angee/Katalon Studio/APITestingLearning/Reports/APITestingLearningTestSuite/20190427_123422/requests/main/7.har

2019-04-27 12:35:54 - [MESSAGE][PASSED] - Send request successfully

2019-04-27 12:35:54 - [TEST_STEP][PASSED] - slurper = new groovy.json.JsonSlurper(): null

2019-04-27 12:35:54 - [TEST_STEP][PASSED] - result = slurper.parseText(response1.getResponseBodyContent()): null

2019-04-27 12:35:54 - [TEST_STEP][PASSED] - value = first_name: null

2019-04-27 12:35:54 - [TEST_STEP][PASSED] - println("Value extracted is " + value): null

2019-04-27 12:35:54 - [TEST_STEP][PASSED] - username = value: null

2019-04-27 12:35:54 - [TEST_STEP][PASSED] - println("Global variable username is " + username): null

2019-04-27 12:35:54 - [TEST_STEP][PASSED] - sendRequestAndVerify(findTestObject("APIChainRestService/UpdateUser")): Send request and verify the response successfully

2019-04-27 12:35:59 - [TEST_CASE][PASSED] - Start Test Case : Verification: Verification accomplished successfully

2019-04-27 12:36:00 - [TEST_STEP][PASSED] - request = getInstance().getCurrentRequest(): null

2019-04-27 12:36:00 - [TEST_STEP][PASSED] - response = getInstance().getCurrentResponse(): null

2019-04-27 12:36:00 - [TEST_STEP][PASSED] - verifyResponseStatusCode(response, 200): Verify response status code successfully

2019-04-27 12:36:00 - [MESSAGE][PASSED] - Verify response status code successfully

2019-04-27 12:36:00 - [TEST_STEP][PASSED] - getStatusCode()).isEqualTo(200): null

2019-04-27 12:36:00 - [TEST_STEP][PASSED] - verifyElementPropertyValue(response, "name", "Charles"): Verify element property value successfully

2019-04-27 12:36:00 - [MESSAGE][PASSED] - Verify element property value successfully

2019-04-27 12:36:00 - [MESSAGE][PASSED] - Verify response successfully

2019-04-27 12:36:00 - [MESSAGE][PASSED] - Send request and verify the response successfully]]></system-out>
         <system-err><![CDATA[]]></system-err>
      </testcase>
      <system-out><![CDATA[2019-04-27 12:34:43 - [TEST_SUITE][PASSED] - APITestingLearningTestSuite: Test Cases/APIChainingJSON]]></system-out>
      <system-err><![CDATA[]]></system-err>
   </testsuite>
</testsuites>
